2025-11-03 20:04:59,526 - __main__ - INFO - ==================================================
2025-11-03 20:04:59,527 - __main__ - INFO - 开始重构代码测试
2025-11-03 20:04:59,527 - __main__ - INFO - ==================================================
2025-11-03 20:04:59,527 - __main__ - INFO - 测试视频工具函数...
2025-11-03 20:04:59,527 - __main__ - INFO - AV/BV转换测试通过: av170001 <-> BV17x411w7KC
2025-11-03 20:04:59,528 - __main__ - INFO - 视频工具函数测试通过
2025-11-03 20:04:59,528 - __main__ - INFO - 测试时间工具函数...
2025-11-03 20:05:07,657 - __main__ - INFO - 时间工具函数测试通过
2025-11-03 20:05:07,658 - __main__ - INFO - 测试数据模型...
2025-11-03 20:05:07,658 - __main__ - ERROR - 测试过程中发生异常: 配置验证应该有错误
2025-11-03 20:05:22,391 - __main__ - INFO - ==================================================
2025-11-03 20:05:22,391 - __main__ - INFO - 开始重构代码测试
2025-11-03 20:05:22,392 - __main__ - INFO - ==================================================
2025-11-03 20:05:22,392 - __main__ - INFO - 测试视频工具函数...
2025-11-03 20:05:22,392 - __main__ - INFO - AV/BV转换测试通过: av170001 <-> BV17x411w7KC
2025-11-03 20:05:22,392 - __main__ - INFO - 视频工具函数测试通过
2025-11-03 20:05:22,392 - __main__ - INFO - 测试时间工具函数...
2025-11-03 20:05:22,426 - __main__ - INFO - 时间工具函数测试通过
2025-11-03 20:05:22,426 - __main__ - INFO - 测试数据模型...
2025-11-03 20:05:22,426 - __main__ - ERROR - 测试过程中发生异常: 配置验证应该有错误，实际错误数量: 0, 错误内容: []
2025-11-03 20:05:38,631 - __main__ - INFO - ==================================================
2025-11-03 20:05:38,632 - __main__ - INFO - 开始重构代码测试
2025-11-03 20:05:38,632 - __main__ - INFO - ==================================================
2025-11-03 20:05:38,632 - __main__ - INFO - 测试视频工具函数...
2025-11-03 20:05:38,632 - __main__ - INFO - AV/BV转换测试通过: av170001 <-> BV17x411w7KC
2025-11-03 20:05:38,632 - __main__ - INFO - 视频工具函数测试通过
2025-11-03 20:05:38,632 - __main__ - INFO - 测试时间工具函数...
2025-11-03 20:05:38,666 - __main__ - INFO - 时间工具函数测试通过
2025-11-03 20:05:38,666 - __main__ - INFO - 测试数据模型...
2025-11-03 20:05:38,666 - __main__ - INFO - 配置验证错误: ['cookies_str未配置或使用默认值', 'bili_jct未配置或使用默认值']
2025-11-03 20:05:38,666 - __main__ - INFO - 数据模型测试通过
2025-11-03 20:05:38,667 - __main__ - INFO - 测试配置管理器...
2025-11-03 20:05:38,667 - core.config_manager - ERROR - 配置验证失败:
2025-11-03 20:05:38,667 - core.config_manager - ERROR -   - cookies_str未配置或使用默认值
2025-11-03 20:05:38,667 - core.config_manager - ERROR -   - bili_jct未配置或使用默认值
2025-11-03 20:05:38,667 - __main__ - WARNING - 配置加载失败，可能是配置文件不存在或格式错误
2025-11-03 20:05:38,668 - __main__ - INFO - 配置管理器测试通过
2025-11-03 20:05:38,668 - __main__ - INFO - ==================================================
2025-11-03 20:05:38,668 - __main__ - INFO - 所有测试完成
2025-11-03 20:05:38,668 - __main__ - INFO - ==================================================
